[debug] [2025-05-22T11:20:58.701Z] ----------------------------------------------------------------------
[debug] [2025-05-22T11:20:58.704Z] Command:       C:\Program Files\nodejs\node.exe C:\Users\Lenovo\AppData\Roaming\npm\node_modules\firebase-tools\lib\bin\firebase.js deploy
[debug] [2025-05-22T11:20:58.705Z] CLI Version:   14.4.0
[debug] [2025-05-22T11:20:58.705Z] Platform:      win32
[debug] [2025-05-22T11:20:58.705Z] Node Version:  v20.14.0
[debug] [2025-05-22T11:20:58.705Z] Time:          Thu May 22 2025 16:50:58 GMT+0530 (India Standard Time)
[debug] [2025-05-22T11:20:58.705Z] ----------------------------------------------------------------------
[debug] 
[debug] [2025-05-22T11:20:59.006Z] > command requires scopes: ["email","openid","https://www.googleapis.com/auth/cloudplatformprojects.readonly","https://www.googleapis.com/auth/firebase","https://www.googleapis.com/auth/cloud-platform"]
[debug] [2025-05-22T11:20:59.007Z] > authorizing via signed-in user (samarjitroy025@gmail.com)
[debug] [2025-05-22T11:20:59.007Z] [iam] checking project kartly-634f2 for permissions ["firebase.projects.get","firebasehosting.sites.update"]
[debug] [2025-05-22T11:20:59.009Z] Checked if tokens are valid: true, expires at: 1747916325226
[debug] [2025-05-22T11:20:59.009Z] Checked if tokens are valid: true, expires at: 1747916325226
[debug] [2025-05-22T11:20:59.010Z] >>> [apiv2][query] POST https://cloudresourcemanager.googleapis.com/v1/projects/kartly-634f2:testIamPermissions [none]
[debug] [2025-05-22T11:20:59.011Z] >>> [apiv2][(partial)header] POST https://cloudresourcemanager.googleapis.com/v1/projects/kartly-634f2:testIamPermissions x-goog-quota-user=projects/kartly-634f2
[debug] [2025-05-22T11:20:59.011Z] >>> [apiv2][body] POST https://cloudresourcemanager.googleapis.com/v1/projects/kartly-634f2:testIamPermissions {"permissions":["firebase.projects.get","firebasehosting.sites.update"]}
[debug] [2025-05-22T11:20:59.069Z] *** [apiv2] error from fetch(https://cloudresourcemanager.googleapis.com/v1/projects/kartly-634f2:testIamPermissions, {"headers":{},"method":"POST","body":"{\"permissions\":[\"firebase.projects.get\",\"firebasehosting.sites.update\"]}"}): FetchError: request to https://cloudresourcemanager.googleapis.com/v1/projects/kartly-634f2:testIamPermissions failed, reason: getaddrinfo ENOTFOUND cloudresourcemanager.googleapis.com
[debug] [2025-05-22T11:20:59.070Z] [iam] error while checking permissions, command may fail: Failed to make request to https://cloudresourcemanager.googleapis.com/v1/projects/kartly-634f2:testIamPermissions
[debug] [2025-05-22T11:20:59.071Z] Checked if tokens are valid: true, expires at: 1747916325226
[debug] [2025-05-22T11:20:59.071Z] Checked if tokens are valid: true, expires at: 1747916325226
[debug] [2025-05-22T11:20:59.071Z] >>> [apiv2][query] GET https://firebase.googleapis.com/v1beta1/projects/kartly-634f2 [none]
[debug] [2025-05-22T11:20:59.078Z] *** [apiv2] error from fetch(https://firebase.googleapis.com/v1beta1/projects/kartly-634f2, {"headers":{},"method":"GET","signal":{}}): FetchError: request to https://firebase.googleapis.com/v1beta1/projects/kartly-634f2 failed, reason: getaddrinfo ENOTFOUND firebase.googleapis.com
[debug] [2025-05-22T11:20:59.078Z] Failed to make request to https://firebase.googleapis.com/v1beta1/projects/kartly-634f2 (original: request to https://firebase.googleapis.com/v1beta1/projects/kartly-634f2 failed, reason: getaddrinfo ENOTFOUND firebase.googleapis.com)
[debug] [2025-05-22T11:20:59.080Z] Specified "public" directory "build" does not exist; Deploy to Hosting site "" may fail or be empty.
[error] 
[error] Error: Assertion failed: resolving hosting target of a site with no site name or target name. This should have caused an error earlier
